binding: user.agent=safari
Compiling module com.example.sweng.Storia2024
<<<<<<< HEAD
   Unification traversed 21017 fields and methods and 2012 types. 1980 are considered part of the current module and 1980 had all of their fields and methods traversed.
   Compiling 1 permutation
      Compiling permutation 0...
      Linking per-type JS with 1959 new/changed types.
      Source Maps Enabled
   Compile of permutations succeeded
   Compilation succeeded -- 15,743s
Linking into /Users/valentinasant/Downloads/Sweng_2324/Sweng2024/target/gwt/devmode/work/com.example.sweng.Storia2024/compile-2/war/storia2024; Writing extras to /Users/valentinasant/Downloads/Sweng_2324/Sweng2024/target/gwt/devmode/work/com.example.sweng.Storia2024/compile-2/extras/storia2024
   Link succeeded
   Linking succeeded -- 0,716s
16,654s total -- Compile completed
=======
   Unification traversed 580 fields and methods and 168 types. 0 are considered part of the current module and 8 had all of their fields and methods traversed.
   Compiling 1 permutation
      Compiling permutation 0...
      Linking per-type JS with 0 new/changed types.
      Source Maps Enabled
   Compile of permutations succeeded
   Compilation succeeded -- 0,959s
Linking into C:\Users\kryas\Downloads\Sweng_2324\Sweng2024\target\gwt\devmode\work\com.example.sweng.Storia2024\compile-2\war\storia2024; Writing extras to C:\Users\kryas\Downloads\Sweng_2324\Sweng2024\target\gwt\devmode\work\com.example.sweng.Storia2024\compile-2\extras\storia2024
   Link succeeded
   Linking succeeded -- 0,131s
1,394s total -- Compile completed
>>>>>>> bdf3228fd463350eb9c75c2b353e7b74de493dfa
